#-----------------------------------------------------------
# Vivado v2019.1 (64-bit)
# SW Build 2552052 on Fri May 24 14:49:42 MDT 2019
# IP Build 2548770 on Fri May 24 18:01:18 MDT 2019
# Start of session at: Sat Jan 20 10:17:15 2024
# Process ID: 32928
# Current directory: C:/Users/naomi/Downloads/project_6_6120231248.xpr/project_6
# Command line: vivado.exe -gui_launcher_event rodinguilauncherevent21096 C:\Users\naomi\Downloads\project_6_6120231248.xpr\project_6\project_6.xpr
# Log file: C:/Users/naomi/Downloads/project_6_6120231248.xpr/project_6/vivado.log
# Journal file: C:/Users/naomi/Downloads/project_6_6120231248.xpr/project_6\vivado.jou
#-----------------------------------------------------------
start_gui
open_project C:/Users/naomi/Downloads/project_6_6120231248.xpr/project_6/project_6.xpr
Scanning sources...
Finished scanning sources
INFO: [IP_Flow 19-234] Refreshing IP repositories
INFO: [IP_Flow 19-1704] No user IP repositories specified
INFO: [IP_Flow 19-2313] Loaded Vivado IP repository 'C:/Xilinx/Vivado/2019.1/data/ip'.
open_project: Time (s): cpu = 00:00:08 ; elapsed = 00:00:10 . Memory (MB): peak = 789.762 ; gain = 170.137
update_compile_order -fileset sources_1
